{
  "RSpec": {
    "coverage": {
      "/home/luanribeiro/Documentos/RubyOnRails/movies/app/models/user.rb": {
        "lines": [
          1,
          null,
          null,
          1,
          null,
          1,
          1,
          null
        ]
      },
      "/home/luanribeiro/Documentos/RubyOnRails/movies/app/models/application_record.rb": {
        "lines": [
          1,
          1,
          null
        ]
      },
      "/home/luanribeiro/Documentos/RubyOnRails/movies/app/models/dislike.rb": {
        "lines": [
          1,
          1,
          1,
          null,
          null,
          1,
          null,
          null,
          null,
          null,
          1,
          null,
          1,
          164,
          null,
          164,
          null,
          164,
          null,
          null,
          1,
          null,
          1,
          19,
          null,
          16,
          16,
          null,
          2,
          null,
          null,
          null
        ]
      },
      "/home/luanribeiro/Documentos/RubyOnRails/movies/app/models/like.rb": {
        "lines": [
          1,
          1,
          1,
          null,
          null,
          1,
          null,
          null,
          null,
          null,
          1,
          null,
          1,
          164,
          null,
          164,
          null,
          164,
          null,
          null,
          1,
          null,
          1,
          19,
          null,
          16,
          16,
          null,
          2,
          null,
          null,
          null
        ]
      },
      "/home/luanribeiro/Documentos/RubyOnRails/movies/app/controllers/movies_controller.rb": {
        "lines": [
          1,
          1,
          null,
          1,
          null,
          1,
          0,
          0,
          0,
          0,
          0,
          0,
          null,
          null,
          1,
          null,
          1,
          27,
          27,
          null,
          null,
          1,
          0,
          0,
          0,
          0,
          null,
          0,
          0,
          null,
          null,
          null,
          1,
          0,
          0,
          0,
          0,
          null,
          0,
          0,
          null,
          null,
          null
        ]
      },
      "/home/luanribeiro/Documentos/RubyOnRails/movies/app/controllers/application_controller.rb": {
        "lines": [
          1,
          1,
          null
        ]
      },
      "/home/luanribeiro/Documentos/RubyOnRails/movies/app/controllers/dislikes_controller.rb": {
        "lines": [
          1,
          1,
          7,
          7,
          6,
          6,
          null,
          null,
          1,
          null,
          null,
          1,
          1,
          null,
          1,
          1,
          null,
          null,
          1,
          null,
          1,
          13,
          null,
          null,
          1,
          6,
          6,
          null,
          null
        ]
      },
      "/home/luanribeiro/Documentos/RubyOnRails/movies/app/controllers/likes_controller.rb": {
        "lines": [
          1,
          1,
          7,
          7,
          6,
          6,
          null,
          null,
          1,
          null,
          null,
          1,
          1,
          1,
          1,
          null,
          null,
          1,
          null,
          1,
          13,
          null,
          null,
          1,
          6,
          6,
          null,
          null
        ]
      }
    },
    "timestamp": 1607445988
  }
}
